# JRE version: OpenJDK Runtime Environment (23.0.1+11) (build 23.0.1+11-39)
# Java VM: OpenJDK 64-Bit Server VM (23.0.1+11-39, mixed mode, emulated-client, sharing, tiered, compressed oops, compressed class ptrs, g1 gc, windows-amd64)
GC Precious Log:
 CardTable entry size: 512
 Card Set container configuration: InlinePtr #cards 5 size 8 Array Of Cards #cards 10 size 36 Howl #buckets 4 coarsen threshold 1843 Howl Bitmap #cards 512 size 80 coarsen threshold 460 Card regions per heap region 1 cards per card region 2048
 CPUs: 12 total, 12 available
 Memory: 7939M
 Large Page Support: Disabled
 NUMA Support: Disabled
 Compressed Oops: Enabled (32-bit)
 Heap Region Size: 1M
 Heap Min Capacity: 8M
 Heap Initial Capacity: 126M
 Heap Max Capacity: 1986M
 Pre-touch: Disabled
 Parallel Workers: 10
 Concurrent Workers: 3
 Concurrent Refinement Workers: 10
 Periodic GC: Disabled
Heap:
 garbage-first heap   total reserved 2033664K, committed 444416K, used 253949K [0x0000000083e00000, 0x0000000100000000)
  region size 1024K, 18 young (18432K), 18 survivors (18432K)
 Metaspace       used 58922K, committed 59648K, reserved 1114112K
  class space    used 8349K, committed 8640K, reserved 1048576K
GC Heap History (20 events):
Event: 3.838 GC heap after
{Heap after GC invocations=19 (full 0):
 garbage-first heap   total reserved 2033664K, committed 222208K, used 66479K [0x0000000083e00000, 0x0000000100000000)
  region size 1024K, 3 young (3072K), 3 survivors (3072K)
 Metaspace       used 55580K, committed 56256K, reserved 1114112K
  class space    used 7837K, committed 8128K, reserved 1048576K
}
Event: 4.010 GC heap before
{Heap before GC invocations=20 (full 0):
 garbage-first heap   total reserved 2033664K, committed 222208K, used 158639K [0x0000000083e00000, 0x0000000100000000)
  region size 1024K, 91 young (93184K), 3 survivors (3072K)
 Metaspace       used 55585K, committed 56256K, reserved 1114112K
  class space    used 7841K, committed 8128K, reserved 1048576K
}
Event: 4.024 GC heap after
{Heap after GC invocations=21 (full 0):
 garbage-first heap   total reserved 2033664K, committed 222208K, used 91136K [0x0000000083e00000, 0x0000000100000000)
  region size 1024K, 12 young (12288K), 12 survivors (12288K)
 Metaspace       used 55585K, committed 56256K, reserved 1114112K
  class space    used 7841K, committed 8128K, reserved 1048576K
}
Event: 4.196 GC heap before
{Heap before GC invocations=21 (full 0):
 garbage-first heap   total reserved 2033664K, committed 222208K, used 161792K [0x0000000083e00000, 0x0000000100000000)
  region size 1024K, 81 young (82944K), 12 survivors (12288K)
 Metaspace       used 56049K, committed 56768K, reserved 1114112K
  class space    used 7920K, committed 8256K, reserved 1048576K
}
Event: 4.205 GC heap after
{Heap after GC invocations=22 (full 0):
 garbage-first heap   total reserved 2033664K, committed 222208K, used 96779K [0x0000000083e00000, 0x0000000100000000)
  region size 1024K, 6 young (6144K), 6 survivors (6144K)
 Metaspace       used 56049K, committed 56768K, reserved 1114112K
  class space    used 7920K, committed 8256K, reserved 1048576K
}
Event: 4.263 GC heap before
{Heap before GC invocations=22 (full 0):
 garbage-first heap   total reserved 2033664K, committed 222208K, used 135691K [0x0000000083e00000, 0x0000000100000000)
  region size 1024K, 45 young (46080K), 6 survivors (6144K)
 Metaspace       used 56049K, committed 56768K, reserved 1114112K
  class space    used 7920K, committed 8256K, reserved 1048576K
}
Event: 4.272 GC heap after
{Heap after GC invocations=23 (full 0):
 garbage-first heap   total reserved 2033664K, committed 222208K, used 111528K [0x0000000083e00000, 0x0000000100000000)
  region size 1024K, 10 young (10240K), 10 survivors (10240K)
 Metaspace       used 56049K, committed 56768K, reserved 1114112K
  class space    used 7920K, committed 8256K, reserved 1048576K
}
Event: 4.374 GC heap before
{Heap before GC invocations=24 (full 0):
 garbage-first heap   total reserved 2033664K, committed 222208K, used 163752K [0x0000000083e00000, 0x0000000100000000)
  region size 1024K, 72 young (73728K), 10 survivors (10240K)
 Metaspace       used 56195K, committed 56896K, reserved 1114112K
  class space    used 7964K, committed 8256K, reserved 1048576K
}
Event: 4.383 GC heap after
{Heap after GC invocations=25 (full 0):
 garbage-first heap   total reserved 2033664K, committed 222208K, used 109743K [0x0000000083e00000, 0x0000000100000000)
  region size 1024K, 9 young (9216K), 9 survivors (9216K)
 Metaspace       used 56195K, committed 56896K, reserved 1114112K
  class space    used 7964K, committed 8256K, reserved 1048576K
}
Event: 4.480 GC heap before
{Heap before GC invocations=25 (full 0):
 garbage-first heap   total reserved 2033664K, committed 222208K, used 178351K [0x0000000083e00000, 0x0000000100000000)
  region size 1024K, 75 young (76800K), 9 survivors (9216K)
 Metaspace       used 56195K, committed 56896K, reserved 1114112K
  class space    used 7964K, committed 8256K, reserved 1048576K
}
Event: 4.496 GC heap after
{Heap after GC invocations=26 (full 0):
 garbage-first heap   total reserved 2033664K, committed 222208K, used 114688K [0x0000000083e00000, 0x0000000100000000)
  region size 1024K, 10 young (10240K), 10 survivors (10240K)
 Metaspace       used 56195K, committed 56896K, reserved 1114112K
  class space    used 7964K, committed 8256K, reserved 1048576K
}
Event: 4.598 GC heap before
{Heap before GC invocations=26 (full 0):
 garbage-first heap   total reserved 2033664K, committed 222208K, used 178176K [0x0000000083e00000, 0x0000000100000000)
  region size 1024K, 70 young (71680K), 10 survivors (10240K)
 Metaspace       used 56195K, committed 56896K, reserved 1114112K
  class space    used 7964K, committed 8256K, reserved 1048576K
}
Event: 4.616 GC heap after
{Heap after GC invocations=27 (full 0):
 garbage-first heap   total reserved 2033664K, committed 444416K, used 129024K [0x0000000083e00000, 0x0000000100000000)
  region size 1024K, 9 young (9216K), 9 survivors (9216K)
 Metaspace       used 56195K, committed 56896K, reserved 1114112K
  class space    used 7964K, committed 8256K, reserved 1048576K
}
Event: 4.908 GC heap before
{Heap before GC invocations=27 (full 0):
 garbage-first heap   total reserved 2033664K, committed 444416K, used 290816K [0x0000000083e00000, 0x0000000100000000)
  region size 1024K, 164 young (167936K), 9 survivors (9216K)
 Metaspace       used 56195K, committed 56896K, reserved 1114112K
  class space    used 7964K, committed 8256K, reserved 1048576K
}
Event: 4.947 GC heap after
{Heap after GC invocations=28 (full 0):
 garbage-first heap   total reserved 2033664K, committed 444416K, used 193024K [0x0000000083e00000, 0x0000000100000000)
  region size 1024K, 21 young (21504K), 21 survivors (21504K)
 Metaspace       used 56195K, committed 56896K, reserved 1114112K
  class space    used 7964K, committed 8256K, reserved 1048576K
}
Event: 5.155 GC heap before
{Heap before GC invocations=28 (full 0):
 garbage-first heap   total reserved 2033664K, committed 444416K, used 314880K [0x0000000083e00000, 0x0000000100000000)
  region size 1024K, 140 young (143360K), 21 survivors (21504K)
 Metaspace       used 56217K, committed 56896K, reserved 1114112K
  class space    used 7971K, committed 8256K, reserved 1048576K
}
Event: 5.170 GC heap after
{Heap after GC invocations=29 (full 0):
 garbage-first heap   total reserved 2033664K, committed 444416K, used 203776K [0x0000000083e00000, 0x0000000100000000)
  region size 1024K, 7 young (7168K), 7 survivors (7168K)
 Metaspace       used 56217K, committed 56896K, reserved 1114112K
  class space    used 7971K, committed 8256K, reserved 1048576K
}
Event: 5.479 GC heap before
{Heap before GC invocations=29 (full 0):
 garbage-first heap   total reserved 2033664K, committed 444416K, used 335872K [0x0000000083e00000, 0x0000000100000000)
  region size 1024K, 136 young (139264K), 7 survivors (7168K)
 Metaspace       used 58922K, committed 59648K, reserved 1114112K
  class space    used 8349K, committed 8640K, reserved 1048576K
}
Event: 5.492 GC heap after
{Heap after GC invocations=30 (full 0):
 garbage-first heap   total reserved 2033664K, committed 444416K, used 226304K [0x0000000083e00000, 0x0000000100000000)
  region size 1024K, 17 young (17408K), 17 survivors (17408K)
 Metaspace       used 58922K, committed 59648K, reserved 1114112K
  class space    used 8349K, committed 8640K, reserved 1048576K
}
Event: 5.628 GC heap before
{Heap before GC invocations=30 (full 0):
 garbage-first heap   total reserved 2033664K, committed 444416K, used 318464K [0x0000000083e00000, 0x0000000100000000)
  region size 1024K, 108 young (110592K), 17 survivors (17408K)
 Metaspace       used 58922K, committed 59648K, reserved 1114112K
  class space    used 8349K, committed 8640K, reserved 1048576K
}

