# JRE version: OpenJDK Runtime Environment (23.0.1+11) (build 23.0.1+11-39)
# Java VM: OpenJDK 64-Bit Server VM (23.0.1+11-39, mixed mode, emulated-client, sharing, tiered, compressed oops, compressed class ptrs, g1 gc, windows-amd64)
GC Precious Log:
 CardTable entry size: 512
 Card Set container configuration: InlinePtr #cards 5 size 8 Array Of Cards #cards 10 size 36 Howl #buckets 4 coarsen threshold 1843 Howl Bitmap #cards 512 size 80 coarsen threshold 460 Card regions per heap region 1 cards per card region 2048
 CPUs: 12 total, 12 available
 Memory: 7939M
 Large Page Support: Disabled
 NUMA Support: Disabled
 Compressed Oops: Enabled (32-bit)
 Heap Region Size: 1M
 Heap Min Capacity: 8M
 Heap Initial Capacity: 126M
 Heap Max Capacity: 1986M
 Pre-touch: Disabled
 Parallel Workers: 10
 Concurrent Workers: 3
 Concurrent Refinement Workers: 10
 Periodic GC: Disabled
Heap:
 garbage-first heap   total reserved 2033664K, committed 331776K, used 204800K [0x0000000083e00000, 0x0000000100000000)
  region size 1024K, 11 young (11264K), 11 survivors (11264K)
 Metaspace       used 59141K, committed 59904K, reserved 1114112K
  class space    used 8312K, committed 8640K, reserved 1048576K
GC Heap History (20 events):
Event: 4.632 GC heap after
{Heap after GC invocations=22 (full 0):
 garbage-first heap   total reserved 2033664K, committed 133120K, used 75305K [0x0000000083e00000, 0x0000000100000000)
  region size 1024K, 7 young (7168K), 7 survivors (7168K)
 Metaspace       used 59134K, committed 59904K, reserved 1114112K
  class space    used 8305K, committed 8640K, reserved 1048576K
}
Event: 4.694 GC heap before
{Heap before GC invocations=22 (full 0):
 garbage-first heap   total reserved 2033664K, committed 133120K, used 112169K [0x0000000083e00000, 0x0000000100000000)
  region size 1024K, 41 young (41984K), 7 survivors (7168K)
 Metaspace       used 59134K, committed 59904K, reserved 1114112K
  class space    used 8305K, committed 8640K, reserved 1048576K
}
Event: 4.706 GC heap after
{Heap after GC invocations=23 (full 0):
 garbage-first heap   total reserved 2033664K, committed 133120K, used 88989K [0x0000000083e00000, 0x0000000100000000)
  region size 1024K, 6 young (6144K), 6 survivors (6144K)
 Metaspace       used 59134K, committed 59904K, reserved 1114112K
  class space    used 8305K, committed 8640K, reserved 1048576K
}
Event: 4.748 GC heap before
{Heap before GC invocations=23 (full 0):
 garbage-first heap   total reserved 2033664K, committed 133120K, used 113565K [0x0000000083e00000, 0x0000000100000000)
  region size 1024K, 30 young (30720K), 6 survivors (6144K)
 Metaspace       used 59134K, committed 59904K, reserved 1114112K
  class space    used 8305K, committed 8640K, reserved 1048576K
}
Event: 4.756 GC heap after
{Heap after GC invocations=24 (full 0):
 garbage-first heap   total reserved 2033664K, committed 133120K, used 99592K [0x0000000083e00000, 0x0000000100000000)
  region size 1024K, 4 young (4096K), 4 survivors (4096K)
 Metaspace       used 59134K, committed 59904K, reserved 1114112K
  class space    used 8305K, committed 8640K, reserved 1048576K
}
Event: 4.797 GC heap before
{Heap before GC invocations=25 (full 0):
 garbage-first heap   total reserved 2033664K, committed 165888K, used 115976K [0x0000000083e00000, 0x0000000100000000)
  region size 1024K, 21 young (21504K), 4 survivors (4096K)
 Metaspace       used 59134K, committed 59904K, reserved 1114112K
  class space    used 8305K, committed 8640K, reserved 1048576K
}
Event: 4.801 GC heap after
{Heap after GC invocations=26 (full 0):
 garbage-first heap   total reserved 2033664K, committed 165888K, used 102626K [0x0000000083e00000, 0x0000000100000000)
  region size 1024K, 3 young (3072K), 3 survivors (3072K)
 Metaspace       used 59134K, committed 59904K, reserved 1114112K
  class space    used 8305K, committed 8640K, reserved 1048576K
}
Event: 4.872 GC heap before
{Heap before GC invocations=26 (full 0):
 garbage-first heap   total reserved 2033664K, committed 165888K, used 137442K [0x0000000083e00000, 0x0000000100000000)
  region size 1024K, 37 young (37888K), 3 survivors (3072K)
 Metaspace       used 59135K, committed 59904K, reserved 1114112K
  class space    used 8306K, committed 8640K, reserved 1048576K
}
Event: 4.874 GC heap after
{Heap after GC invocations=27 (full 0):
 garbage-first heap   total reserved 2033664K, committed 165888K, used 102779K [0x0000000083e00000, 0x0000000100000000)
  region size 1024K, 1 young (1024K), 1 survivors (1024K)
 Metaspace       used 59135K, committed 59904K, reserved 1114112K
  class space    used 8306K, committed 8640K, reserved 1048576K
}
Event: 4.930 GC heap before
{Heap before GC invocations=27 (full 0):
 garbage-first heap   total reserved 2033664K, committed 165888K, used 140667K [0x0000000083e00000, 0x0000000100000000)
  region size 1024K, 38 young (38912K), 1 survivors (1024K)
 Metaspace       used 59135K, committed 59904K, reserved 1114112K
  class space    used 8306K, committed 8640K, reserved 1048576K
}
Event: 4.938 GC heap after
{Heap after GC invocations=28 (full 0):
 garbage-first heap   total reserved 2033664K, committed 331776K, used 109910K [0x0000000083e00000, 0x0000000100000000)
  region size 1024K, 5 young (5120K), 5 survivors (5120K)
 Metaspace       used 59135K, committed 59904K, reserved 1114112K
  class space    used 8306K, committed 8640K, reserved 1048576K
}
Event: 5.176 GC heap before
{Heap before GC invocations=28 (full 0):
 garbage-first heap   total reserved 2033664K, committed 331776K, used 243030K [0x0000000083e00000, 0x0000000100000000)
  region size 1024K, 132 young (135168K), 5 survivors (5120K)
 Metaspace       used 59135K, committed 59904K, reserved 1114112K
  class space    used 8306K, committed 8640K, reserved 1048576K
}
Event: 5.206 GC heap after
{Heap after GC invocations=29 (full 0):
 garbage-first heap   total reserved 2033664K, committed 331776K, used 164352K [0x0000000083e00000, 0x0000000100000000)
  region size 1024K, 17 young (17408K), 17 survivors (17408K)
 Metaspace       used 59135K, committed 59904K, reserved 1114112K
  class space    used 8306K, committed 8640K, reserved 1048576K
}
Event: 5.319 GC heap before
{Heap before GC invocations=29 (full 0):
 garbage-first heap   total reserved 2033664K, committed 331776K, used 232960K [0x0000000083e00000, 0x0000000100000000)
  region size 1024K, 85 young (87040K), 17 survivors (17408K)
 Metaspace       used 59135K, committed 59904K, reserved 1114112K
  class space    used 8306K, committed 8640K, reserved 1048576K
}
Event: 5.341 GC heap after
{Heap after GC invocations=30 (full 0):
 garbage-first heap   total reserved 2033664K, committed 331776K, used 190976K [0x0000000083e00000, 0x0000000100000000)
  region size 1024K, 13 young (13312K), 13 survivors (13312K)
 Metaspace       used 59135K, committed 59904K, reserved 1114112K
  class space    used 8306K, committed 8640K, reserved 1048576K
}
Event: 5.475 GC heap before
{Heap before GC invocations=31 (full 0):
 garbage-first heap   total reserved 2033664K, committed 331776K, used 252416K [0x0000000083e00000, 0x0000000100000000)
  region size 1024K, 83 young (84992K), 13 survivors (13312K)
 Metaspace       used 59135K, committed 59904K, reserved 1114112K
  class space    used 8306K, committed 8640K, reserved 1048576K
}
Event: 5.497 GC heap after
{Heap after GC invocations=32 (full 0):
 garbage-first heap   total reserved 2033664K, committed 331776K, used 210432K [0x0000000083e00000, 0x0000000100000000)
  region size 1024K, 11 young (11264K), 11 survivors (11264K)
 Metaspace       used 59135K, committed 59904K, reserved 1114112K
  class space    used 8306K, committed 8640K, reserved 1048576K
}
Event: 5.608 GC heap before
{Heap before GC invocations=32 (full 0):
 garbage-first heap   total reserved 2033664K, committed 331776K, used 273920K [0x0000000083e00000, 0x0000000100000000)
  region size 1024K, 73 young (74752K), 11 survivors (11264K)
 Metaspace       used 59136K, committed 59904K, reserved 1114112K
  class space    used 8307K, committed 8640K, reserved 1048576K
}
Event: 5.622 GC heap after
{Heap after GC invocations=33 (full 0):
 garbage-first heap   total reserved 2033664K, committed 331776K, used 193536K [0x0000000083e00000, 0x0000000100000000)
  region size 1024K, 10 young (10240K), 10 survivors (10240K)
 Metaspace       used 59136K, committed 59904K, reserved 1114112K
  class space    used 8307K, committed 8640K, reserved 1048576K
}
Event: 5.760 GC heap before
{Heap before GC invocations=33 (full 0):
 garbage-first heap   total reserved 2033664K, committed 331776K, used 267264K [0x0000000083e00000, 0x0000000100000000)
  region size 1024K, 82 young (83968K), 10 survivors (10240K)
 Metaspace       used 59141K, committed 59904K, reserved 1114112K
  class space    used 8312K, committed 8640K, reserved 1048576K
}

